<?xml version="1.0" encoding="UTF-8"?>
<!-- Generated by org.testng.reporters.JUnitXMLReporter -->
<testsuite hostname="del1-lhp-n65328" ignored="0" name="Default test" tests="12" failures="0" timestamp="14 Aug 2019 11:22:53 GMT" time="25.149" errors="0">
  <testcase name="verifyHomeTitle" time="0.044" classname="TESTNG_TESTS.NewTest1"/>
  <testcase name="verifyHomeText" time="0.099" classname="TESTNG_TESTS.NewTest1"/>
  <testcase name="search_product" time="1.371" classname="TESTNG_TESTS.NewTest1"/>
  <testcase name="verifySearchTitle" time="0.016" classname="TESTNG_TESTS.NewTest1"/>
  <testcase name="clickProduct" time="0.93" classname="TESTNG_TESTS.NewTest1"/>
  <testcase name="verifyProductTitle" time="0.012" classname="TESTNG_TESTS.NewTest1"/>
  <testcase name="productDetails" time="1.574" classname="TESTNG_TESTS.NewTest1"/>
  <testcase name="anotherProduct" time="4.422" classname="TESTNG_TESTS.NewTest1"/>
  <testcase name="verifyProduct" time="0.104" classname="TESTNG_TESTS.NewTest2"/>
  <testcase name="verifyProduct" time="0.084" classname="TESTNG_TESTS.NewTest2"/>
  <testcase name="verifyPrice" time="0.08" classname="TESTNG_TESTS.NewTest2"/>
  <testcase name="verifyPrice" time="0.084" classname="TESTNG_TESTS.NewTest2"/>
</testsuite> <!-- Default test -->
